2019-02-15 14:21:22.817 [restartedMain] ERROR o.s.boot.SpringApplication - Application startup failed
java.lang.IllegalArgumentException: Invalid source 'com.hzjy.res.SchotelResApplication'
	at org.springframework.boot.BeanDefinitionLoader.load(BeanDefinitionLoader.java:218)
	at org.springframework.boot.BeanDefinitionLoader.load(BeanDefinitionLoader.java:144)
	at org.springframework.boot.BeanDefinitionLoader.load(BeanDefinitionLoader.java:127)
	at org.springframework.boot.SpringApplication.load(SpringApplication.java:704)
	at org.springframework.boot.SpringApplication.prepareContext(SpringApplication.java:367)
	at org.springframework.boot.SpringApplication.run(SpringApplication.java:314)
	at org.springframework.boot.SpringApplication.run(SpringApplication.java:1187)
	at org.springframework.boot.SpringApplication.run(SpringApplication.java:1176)
	at com.cmd.script.CmdScriptApplication.main(CmdScriptApplication.java:26)
	at sun.reflect.NativeMethodAccessorImpl.invoke0(Native Method)
	at sun.reflect.NativeMethodAccessorImpl.invoke(NativeMethodAccessorImpl.java:62)
	at sun.reflect.DelegatingMethodAccessorImpl.invoke(DelegatingMethodAccessorImpl.java:43)
	at java.lang.reflect.Method.invoke(Method.java:498)
	at org.springframework.boot.devtools.restart.RestartLauncher.run(RestartLauncher.java:49)
2019-02-15 14:25:31.777 [restartedMain] ERROR o.s.b.b.PropertiesConfigurationFactory - Properties configuration failed validation
2019-02-15 14:25:31.778 [restartedMain] ERROR o.s.b.b.PropertiesConfigurationFactory - Field error in object 'security' on field 'basic': rejected value []; codes [typeMismatch.security.basic,typeMismatch.basic,typeMismatch.org.springframework.boot.autoconfigure.security.SecurityProperties$Basic,typeMismatch]; arguments [org.springframework.context.support.DefaultMessageSourceResolvable: codes [security.basic,basic]; arguments []; default message [basic]]; default message [Failed to convert property value of type 'java.lang.String' to required type 'org.springframework.boot.autoconfigure.security.SecurityProperties$Basic' for property 'basic'; nested exception is java.lang.IllegalStateException: Cannot convert value of type 'java.lang.String' to required type 'org.springframework.boot.autoconfigure.security.SecurityProperties$Basic' for property 'basic': no matching editors or conversion strategy found]
2019-02-15 14:25:31.791 [restartedMain] ERROR o.s.b.d.LoggingFailureAnalysisReporter - 

***************************
APPLICATION FAILED TO START
***************************

Description:

Binding to target org.springframework.boot.autoconfigure.security.SecurityProperties@340199c3 failed:

    Property: security.basic
    Value: 
    Reason: Failed to convert property value of type 'java.lang.String' to required type 'org.springframework.boot.autoconfigure.security.SecurityProperties$Basic' for property 'basic'; nested exception is java.lang.IllegalStateException: Cannot convert value of type 'java.lang.String' to required type 'org.springframework.boot.autoconfigure.security.SecurityProperties$Basic' for property 'basic': no matching editors or conversion strategy found


Action:

Update your application's configuration

