2019-02-15 14:21:22.790 [restartedMain] WARN  o.s.boot.SpringApplication - Error handling failed (ApplicationEventMulticaster not initialized - call 'refresh' before multicasting events via the context: org.springframework.boot.context.embedded.AnnotationConfigEmbeddedWebApplicationContext@3647558: startup date [Thu Jan 01 08:00:00 CST 1970]; root of context hierarchy)
2019-02-15 14:22:25.020 [restartedMain] WARN  io.undertow.websockets.jsr - UT026009: XNIO worker was not set on WebSocketDeploymentInfo, the default worker will be used
2019-02-15 14:22:25.020 [restartedMain] WARN  io.undertow.websockets.jsr - UT026010: Buffer pool was not set on WebSocketDeploymentInfo, the default pool will be used
2019-02-15 14:22:27.502 [restartedMain] WARN  o.s.b.a.t.AbstractTemplateResolverConfiguration - Cannot find template location: classpath:/templates/ (please add some templates or check your Thymeleaf configuration)
2019-02-15 14:22:29.418 [restartedMain] WARN  o.s.b.a.f.FreeMarkerAutoConfiguration - Cannot find template location(s): [classpath:/templates/] (please add some templates, check your FreeMarker configuration, or set spring.freemarker.checkTemplateLocation=false)
2019-02-15 14:22:29.557 [restartedMain] WARN  o.s.b.d.a.OptionalLiveReloadServer - Unable to start LiveReload server
2019-02-15 14:25:31.627 [restartedMain] WARN  io.undertow.websockets.jsr - UT026009: XNIO worker was not set on WebSocketDeploymentInfo, the default worker will be used
2019-02-15 14:25:31.628 [restartedMain] WARN  io.undertow.websockets.jsr - UT026010: Buffer pool was not set on WebSocketDeploymentInfo, the default pool will be used
2019-02-15 14:25:31.782 [restartedMain] WARN  o.s.b.c.e.AnnotationConfigEmbeddedWebApplicationContext - Exception encountered during context initialization - cancelling refresh attempt: org.springframework.context.ApplicationContextException: Unable to start embedded container; nested exception is java.lang.RuntimeException: org.springframework.beans.factory.UnsatisfiedDependencyException: Error creating bean with name 'securityFilterChainRegistration' defined in class path resource [org/springframework/boot/autoconfigure/security/SecurityFilterAutoConfiguration.class]: Unsatisfied dependency expressed through method 'securityFilterChainRegistration' parameter 0; nested exception is org.springframework.beans.factory.BeanCreationException: Error creating bean with name 'securityProperties': Could not bind properties to SecurityProperties (prefix=security, ignoreInvalidFields=false, ignoreUnknownFields=true, ignoreNestedProperties=false); nested exception is org.springframework.validation.BindException: org.springframework.boot.bind.RelaxedDataBinder$RelaxedBeanPropertyBindingResult: 1 errors
Field error in object 'security' on field 'basic': rejected value []; codes [typeMismatch.security.basic,typeMismatch.basic,typeMismatch.org.springframework.boot.autoconfigure.security.SecurityProperties$Basic,typeMismatch]; arguments [org.springframework.context.support.DefaultMessageSourceResolvable: codes [security.basic,basic]; arguments []; default message [basic]]; default message [Failed to convert property value of type 'java.lang.String' to required type 'org.springframework.boot.autoconfigure.security.SecurityProperties$Basic' for property 'basic'; nested exception is java.lang.IllegalStateException: Cannot convert value of type 'java.lang.String' to required type 'org.springframework.boot.autoconfigure.security.SecurityProperties$Basic' for property 'basic': no matching editors or conversion strategy found]
2019-02-15 14:26:51.292 [restartedMain] WARN  io.undertow.websockets.jsr - UT026009: XNIO worker was not set on WebSocketDeploymentInfo, the default worker will be used
2019-02-15 14:26:51.293 [restartedMain] WARN  io.undertow.websockets.jsr - UT026010: Buffer pool was not set on WebSocketDeploymentInfo, the default pool will be used
2019-02-15 14:26:53.385 [restartedMain] WARN  o.s.b.a.t.AbstractTemplateResolverConfiguration - Cannot find template location: classpath:/templates/ (please add some templates or check your Thymeleaf configuration)
2019-02-15 14:26:55.110 [restartedMain] WARN  o.s.b.a.f.FreeMarkerAutoConfiguration - Cannot find template location(s): [classpath:/templates/] (please add some templates, check your FreeMarker configuration, or set spring.freemarker.checkTemplateLocation=false)
2019-02-15 14:26:55.257 [restartedMain] WARN  o.s.b.d.a.OptionalLiveReloadServer - Unable to start LiveReload server
2019-02-15 14:29:05.731 [restartedMain] WARN  io.undertow.websockets.jsr - UT026009: XNIO worker was not set on WebSocketDeploymentInfo, the default worker will be used
2019-02-15 14:29:05.731 [restartedMain] WARN  io.undertow.websockets.jsr - UT026010: Buffer pool was not set on WebSocketDeploymentInfo, the default pool will be used
2019-02-15 14:29:07.798 [restartedMain] WARN  o.s.b.a.t.AbstractTemplateResolverConfiguration - Cannot find template location: classpath:/templates/ (please add some templates or check your Thymeleaf configuration)
2019-02-15 14:29:09.498 [restartedMain] WARN  o.s.b.a.f.FreeMarkerAutoConfiguration - Cannot find template location(s): [classpath:/templates/] (please add some templates, check your FreeMarker configuration, or set spring.freemarker.checkTemplateLocation=false)
2019-02-15 14:29:09.655 [restartedMain] WARN  o.s.b.d.a.OptionalLiveReloadServer - Unable to start LiveReload server
